{
  "RSpec": {
    "coverage": {
      "/mnt/d/backup/Hospital Management System/hospital_HMIS/app/models/staff.rb": {
        "lines": [
          1,
          1,
          null,
          null,
          1,
          null,
          null,
          null,
          1,
          null,
          1,
          0,
          null,
          null
        ]
      },
      "/mnt/d/backup/Hospital Management System/hospital_HMIS/app/models/application_record.rb": {
        "lines": [
          1,
          1,
          null
        ]
      },
      "/mnt/d/backup/Hospital Management System/hospital_HMIS/app/channels/application_cable/channel.rb": {
        "lines": [
          0,
          0,
          0,
          0
        ],
        "branches": {
        }
      },
      "/mnt/d/backup/Hospital Management System/hospital_HMIS/app/channels/application_cable/connection.rb": {
        "lines": [
          0,
          0,
          0,
          0
        ],
        "branches": {
        }
      },
      "/mnt/d/backup/Hospital Management System/hospital_HMIS/app/controllers/application_controller.rb": {
        "lines": [
          0,
          0
        ],
        "branches": {
        }
      },
      "/mnt/d/backup/Hospital Management System/hospital_HMIS/app/controllers/staffs/registrations_controller.rb": {
        "lines": [
          0,
          0,
          null,
          0,
          null,
          0,
          0,
          0,
          0,
          0,
          0,
          0,
          0,
          0,
          0,
          0,
          0,
          0
        ],
        "branches": {
        }
      },
      "/mnt/d/backup/Hospital Management System/hospital_HMIS/app/controllers/staffs/sessions_controller.rb": {
        "lines": [
          0,
          0,
          null,
          0,
          null,
          0,
          0,
          0,
          0,
          0,
          null,
          0,
          0,
          0,
          0,
          0,
          0,
          0,
          0,
          0,
          0,
          0,
          0,
          0,
          0,
          0,
          0,
          0
        ],
        "branches": {
        }
      },
      "/mnt/d/backup/Hospital Management System/hospital_HMIS/app/controllers/staffs_controller.rb": {
        "lines": [
          0,
          0,
          null,
          0,
          0,
          0,
          0
        ],
        "branches": {
        }
      },
      "/mnt/d/backup/Hospital Management System/hospital_HMIS/app/jobs/application_job.rb": {
        "lines": [
          0,
          null,
          null,
          null,
          null,
          null,
          0
        ],
        "branches": {
        }
      },
      "/mnt/d/backup/Hospital Management System/hospital_HMIS/app/mailers/application_mailer.rb": {
        "lines": [
          0,
          0,
          0,
          0
        ],
        "branches": {
        }
      }
    },
    "timestamp": 1674924656
  }
}
